<?xml version="1.0" encoding="UTF-8"?>
<testsuite xmlns:xsi="http://www.w3.org/2001/XMLSchema-instance" xsi:noNamespaceSchemaLocation="https://maven.apache.org/surefire/maven-surefire-plugin/xsd/surefire-test-report-3.0.xsd" version="3.0" name="com.library.BorrowServiceTest" time="0.965" tests="4" errors="0" skipped="0" failures="0">
  <properties>
    <property name="java.specification.version" value="21"/>
    <property name="sun.cpu.isalist" value="amd64"/>
    <property name="sun.jnu.encoding" value="Cp1252"/>
    <property name="java.class.path" value="C:\Users\jadda\Downloads\GestionBibliotheque\GestionBibliotheque\target\test-classes;C:\Users\jadda\Downloads\GestionBibliotheque\GestionBibliotheque\target\classes;C:\Users\jadda\.m2\repository\org\junit\jupiter\junit-jupiter-api\5.11.3\junit-jupiter-api-5.11.3.jar;C:\Users\jadda\.m2\repository\org\opentest4j\opentest4j\1.3.0\opentest4j-1.3.0.jar;C:\Users\jadda\.m2\repository\org\junit\platform\junit-platform-commons\1.11.3\junit-platform-commons-1.11.3.jar;C:\Users\jadda\.m2\repository\org\apiguardian\apiguardian-api\1.1.2\apiguardian-api-1.1.2.jar;C:\Users\jadda\.m2\repository\com\mysql\mysql-connector-j\9.1.0\mysql-connector-j-9.1.0.jar;C:\Users\jadda\.m2\repository\com\google\protobuf\protobuf-java\4.26.1\protobuf-java-4.26.1.jar;"/>
    <property name="java.vm.vendor" value="Oracle Corporation"/>
    <property name="sun.arch.data.model" value="64"/>
    <property name="user.variant" value=""/>
    <property name="java.vendor.url" value="https://java.oracle.com/"/>
    <property name="user.timezone" value="Europe/Paris"/>
    <property name="os.name" value="Windows 11"/>
    <property name="java.vm.specification.version" value="21"/>
    <property name="sun.java.launcher" value="SUN_STANDARD"/>
    <property name="user.country" value="FR"/>
    <property name="sun.boot.library.path" value="C:\Users\jadda\.jdks\openjdk-21.0.2\bin"/>
    <property name="sun.java.command" value="C:\Users\jadda\AppData\Local\Temp\surefire10280832057103406321\surefirebooter-20241219121347381_3.jar C:\Users\jadda\AppData\Local\Temp\surefire10280832057103406321 2024-12-19T12-13-47_029-jvmRun1 surefire-20241219121347381_1tmp surefire_0-20241219121347381_2tmp"/>
    <property name="jdk.debug" value="release"/>
    <property name="surefire.test.class.path" value="C:\Users\jadda\Downloads\GestionBibliotheque\GestionBibliotheque\target\test-classes;C:\Users\jadda\Downloads\GestionBibliotheque\GestionBibliotheque\target\classes;C:\Users\jadda\.m2\repository\org\junit\jupiter\junit-jupiter-api\5.11.3\junit-jupiter-api-5.11.3.jar;C:\Users\jadda\.m2\repository\org\opentest4j\opentest4j\1.3.0\opentest4j-1.3.0.jar;C:\Users\jadda\.m2\repository\org\junit\platform\junit-platform-commons\1.11.3\junit-platform-commons-1.11.3.jar;C:\Users\jadda\.m2\repository\org\apiguardian\apiguardian-api\1.1.2\apiguardian-api-1.1.2.jar;C:\Users\jadda\.m2\repository\com\mysql\mysql-connector-j\9.1.0\mysql-connector-j-9.1.0.jar;C:\Users\jadda\.m2\repository\com\google\protobuf\protobuf-java\4.26.1\protobuf-java-4.26.1.jar;"/>
    <property name="sun.cpu.endian" value="little"/>
    <property name="user.home" value="C:\Users\jadda"/>
    <property name="user.language" value="fr"/>
    <property name="java.specification.vendor" value="Oracle Corporation"/>
    <property name="java.version.date" value="2024-01-16"/>
    <property name="java.home" value="C:\Users\jadda\.jdks\openjdk-21.0.2"/>
    <property name="file.separator" value="\"/>
    <property name="basedir" value="C:\Users\jadda\Downloads\GestionBibliotheque\GestionBibliotheque"/>
    <property name="java.vm.compressedOopsMode" value="32-bit"/>
    <property name="line.separator" value="&#10;"/>
    <property name="java.vm.specification.vendor" value="Oracle Corporation"/>
    <property name="java.specification.name" value="Java Platform API Specification"/>
    <property name="surefire.real.class.path" value="C:\Users\jadda\AppData\Local\Temp\surefire10280832057103406321\surefirebooter-20241219121347381_3.jar"/>
    <property name="user.script" value=""/>
    <property name="sun.management.compiler" value="HotSpot 64-Bit Tiered Compilers"/>
    <property name="java.runtime.version" value="21.0.2+13-58"/>
    <property name="user.name" value="jadda"/>
    <property name="stdout.encoding" value="Cp1252"/>
    <property name="path.separator" value=";"/>
    <property name="os.version" value="10.0"/>
    <property name="java.runtime.name" value="OpenJDK Runtime Environment"/>
    <property name="file.encoding" value="UTF-8"/>
    <property name="java.vm.name" value="OpenJDK 64-Bit Server VM"/>
    <property name="localRepository" value="C:\Users\jadda\.m2\repository"/>
    <property name="java.vendor.url.bug" value="https://bugreport.java.com/bugreport/"/>
    <property name="java.io.tmpdir" value="C:\Users\jadda\AppData\Local\Temp\"/>
    <property name="idea.version" value="2023.3.8"/>
    <property name="java.version" value="21.0.2"/>
    <property name="user.dir" value="C:\Users\jadda\Downloads\GestionBibliotheque\GestionBibliotheque"/>
    <property name="os.arch" value="amd64"/>
    <property name="java.vm.specification.name" value="Java Virtual Machine Specification"/>
    <property name="sun.os.patch.level" value=""/>
    <property name="native.encoding" value="Cp1252"/>
    <property name="java.library.path" value="C:\Users\jadda\.jdks\openjdk-21.0.2\bin;C:\Windows\Sun\Java\bin;C:\Windows\system32;C:\Windows;C:\oraclexe\app\oracle\product\11.2.0\server\bin;;C:\Program Files (x86)\VMware\VMware Workstation\bin\;C:\app\jadda\product\21c\dbhomeXE\bin;C:\Program Files\Common Files\Oracle\Java\javapath;C:\Windows\system32;C:\Windows;C:\Windows\System32\Wbem;C:\Windows\System32\WindowsPowerShell\v1.0\;C:\Windows\System32\OpenSSH\;C:\xampp\php;C:\ProgramData\ComposerSetup\bin;C:\Program Files\Java\jdk-21\bin;C:\opencv\build\x64\vc16\bin;C:\Users\jadda\AppData\Local\Packages\PythonSoftwareFoundation.Python.3.11_qbz5n2kfra8p0\LocalCache\local-packages\Python311\site-packages;C:\Users\jadda\AppData\Local\Packages\PythonSoftwareFoundation.Python.3.11_qbz5n2kfra8p0\LocalCache\local-packages\Python311\Scripts;C:\Program Files\Docker\Docker\resources\bin;C:\Program Files\nodejs\;C:\Program Files\Git\cmd;C:\Users\jadda\AppData\Local\Programs\Python\Python312\Scripts\;C:\Users\jadda\AppData\Local\Programs\Python\Python312\;C:\Users\jadda\AppData\Local\Programs\Python\Launcher\;C:\Users\jadda\scoop\shims;C:\Users\jadda\AppData\Local\Microsoft\WindowsApps;C:\Users\jadda\AppData\Local\Programs\Microsoft VS Code\bin;C:\Users\jadda\AppData\Roaming\Composer\vendor\bin;C:\Program Files\JetBrains\IntelliJ IDEA Community Edition 2023.2.3\bin;;C:\opencv\build\x64\vc16\bin;C:\Program Files\JetBrains\IntelliJ IDEA 2023.3.3\bin;;C:\Program Files\JetBrains\PyCharm 2023.3.3\bin;;C:\Users\jadda\AppData\Local\Packages\PythonSoftwareFoundation.Python.3.11_qbz5n2kfra8p0\LocalCache\local-packages\Python311\site-packages;C:\Users\jadda\AppData\Local\Packages\PythonSoftwareFoundation.Python.3.11_qbz5n2kfra8p0\LocalCache\local-packages\Python311\Scripts;C:\Users\jadda\AppData\Roaming\npm;C:\Users\jadda\AppData\Local\Programs\Python\Python312\;C:\Users\jadda\AppData\Local\Programs\Python\Python312\Scripts\;C:\Program Files\MongoDB\Server\8.0\bin;C:\Users\jadda\Downloads\mongosh-2.3.4-win32-x64\mongosh-2.3.4-win32-x64\bin;;."/>
    <property name="java.vm.info" value="mixed mode, sharing"/>
    <property name="stderr.encoding" value="Cp1252"/>
    <property name="java.vendor" value="Oracle Corporation"/>
    <property name="java.vm.version" value="21.0.2+13-58"/>
    <property name="sun.io.unicode.encoding" value="UnicodeLittle"/>
    <property name="java.class.version" value="65.0"/>
  </properties>
  <testcase name="testBorrowBookStudentNotFound" classname="com.library.BorrowServiceTest" time="0.278">
    <system-out><![CDATA[delete from books
]]></system-out>
  </testcase>
  <testcase name="testBorrowBookNotAvailable" classname="com.library.BorrowServiceTest" time="0.237">
    <system-out><![CDATA[delete from books
]]></system-out>
  </testcase>
  <testcase name="testReturnBook" classname="com.library.BorrowServiceTest" time="0.241">
    <system-out><![CDATA[delete from books
]]></system-out>
  </testcase>
  <testcase name="testBorrowBook" classname="com.library.BorrowServiceTest" time="0.201">
    <system-out><![CDATA[delete from books
]]></system-out>
  </testcase>
</testsuite>